#! /usr/bin/vvp
:ivl_version "11.0 (stable)";
:ivl_delay_selection "TYPICAL";
:vpi_time_precision + 0;
:vpi_module "/usr/lib/x86_64-linux-gnu/ivl/system.vpi";
:vpi_module "/usr/lib/x86_64-linux-gnu/ivl/vhdl_sys.vpi";
:vpi_module "/usr/lib/x86_64-linux-gnu/ivl/vhdl_textio.vpi";
:vpi_module "/usr/lib/x86_64-linux-gnu/ivl/v2005_math.vpi";
:vpi_module "/usr/lib/x86_64-linux-gnu/ivl/va_math.vpi";
S_0x562975cdfcf0 .scope module, "twiddleROM" "twiddleROM" 2 1;
 .timescale 0 0;
    .port_info 0 /INPUT 1 "clk";
    .port_info 1 /INPUT 5 "read_address";
    .port_info 2 /OUTPUT 32 "twiddle";
P_0x562975cdfe80 .param/l "N" 0 2 3, +C4<00000000000000000000000000100000>;
P_0x562975cdfec0 .param/str "memory_file_im" 0 2 6, "/home/saviour/study/fft_hdl/helper/out.im";
P_0x562975cdff00 .param/str "memory_file_real" 0 2 5, "/home/saviour/study/fft_hdl/helper/out.real";
P_0x562975cdff40 .param/l "word_size" 0 2 4, +C4<00000000000000000000000000010000>;
o0x7fb59418a018 .functor BUFZ 1, C4<z>; HiZ drive
v0x562975d07f20_0 .net "clk", 0 0, o0x7fb59418a018;  0 drivers
o0x7fb59418a048 .functor BUFZ 5, C4<zzzzz>; HiZ drive
v0x562975d2b720_0 .net "read_address", 4 0, o0x7fb59418a048;  0 drivers
v0x562975d2b800_0 .var "twiddle", 31 0;
v0x562975d2b8c0 .array "twiddle_im_ROM", 0 31, 15 0;
v0x562975d2b980 .array "twiddle_real_ROM", 0 31, 15 0;
E_0x562975d19ba0 .event posedge, v0x562975d07f20_0;
    .scope S_0x562975cdfcf0;
T_0 ;
    %vpi_call 2 22 "$readmemh", P_0x562975cdfec0, v0x562975d2b8c0 {0 0 0};
    %vpi_call 2 23 "$readmemh", P_0x562975cdff00, v0x562975d2b980 {0 0 0};
    %end;
    .thread T_0;
    .scope S_0x562975cdfcf0;
T_1 ;
    %wait E_0x562975d19ba0;
    %load/vec4 v0x562975d2b720_0;
    %pad/u 7;
    %ix/vec4 4;
    %load/vec4a v0x562975d2b980, 4;
    %load/vec4 v0x562975d2b720_0;
    %pad/u 7;
    %ix/vec4 4;
    %load/vec4a v0x562975d2b8c0, 4;
    %concat/vec4; draw_concat_vec4
    %assign/vec4 v0x562975d2b800_0, 0;
    %jmp T_1;
    .thread T_1;
# The file index is used to find the file name in the following table.
:file_names 3;
    "N/A";
    "<interactive>";
    "twiddleROM.v";
